This file contains any messages produced by compilers while
running configure, to aid debugging if configure makes a mistake.

It was created by radclock configure v0.4.x-298-g2726181, which was
generated by GNU Autoconf 2.69.  Invocation command line was

  $ ./configure 

## --------- ##
## Platform. ##
## --------- ##

hostname = Sharp.local
uname -m = x86_64
uname -r = 15.6.0
uname -s = Darwin
uname -v = Darwin Kernel Version 15.6.0: Mon Jan  9 23:07:29 PST 2017; root:xnu-3248.60.11.2.1~1/RELEASE_X86_64

/usr/bin/uname -p = i386
/bin/uname -X     = unknown

/bin/arch              = unknown
/usr/bin/arch -k       = unknown
/usr/convex/getsysinfo = unknown
/usr/bin/hostinfo      = Mach kernel version:
	 Darwin Kernel Version 15.6.0: Mon Jan  9 23:07:29 PST 2017; root:xnu-3248.60.11.2.1~1/RELEASE_X86_64
Kernel configured for up to 8 processors.
4 processors are physically available.
8 processors are logically available.
Processor type: x86_64h (Intel x86-64h Haswell)
Processors active: 0 1 2 3 4 5 6 7
Primary memory available: 16.00 gigabytes
Default processor set: 436 tasks, 2190 threads, 8 processors
Load average: 4.13, Mach factor: 3.86
/bin/machine           = unknown
/usr/bin/oslevel       = unknown
/bin/universe          = unknown

PATH: /opt/local/bin
PATH: /opt/local/sbin
PATH: /opt/local/bin
PATH: /opt/local/sbin
PATH: .
PATH: /usr/texbin
PATH: /Users/darryl/bin
PATH: /bin
PATH: /sbin
PATH: /usr/bin
PATH: /usr/sbin
PATH: /usr/local/git/bin
PATH: /usr/local/bin
PATH: /usr/local/sbin
PATH: /usr/local/etc
PATH: /usr/lib
PATH: /usr/X11/bin
PATH: /Developer/usr/bin
PATH: /Users/darryl/Papers/TSCclock/Programs/tsc/trunk/tscclock
PATH: /Users/darryl/Papers/TSCclock/Programs/tsc/trunk/kernel


## ----------- ##
## Core tests. ##
## ----------- ##

configure:2442: checking build system type
configure:2456: result: x86_64-apple-darwin15.6.0
configure:2476: checking host system type
configure:2489: result: x86_64-apple-darwin15.6.0
configure:2509: checking target system type
configure:2522: result: x86_64-apple-darwin15.6.0

## ---------------- ##
## Cache variables. ##
## ---------------- ##

ac_cv_build=x86_64-apple-darwin15.6.0
ac_cv_env_CC_set=
ac_cv_env_CC_value=
ac_cv_env_CFLAGS_set=
ac_cv_env_CFLAGS_value=
ac_cv_env_CPPFLAGS_set=
ac_cv_env_CPPFLAGS_value=
ac_cv_env_CPP_set=
ac_cv_env_CPP_value=
ac_cv_env_LDFLAGS_set=
ac_cv_env_LDFLAGS_value=
ac_cv_env_LIBS_set=
ac_cv_env_LIBS_value=
ac_cv_env_build_alias_set=
ac_cv_env_build_alias_value=
ac_cv_env_host_alias_set=
ac_cv_env_host_alias_value=
ac_cv_env_target_alias_set=
ac_cv_env_target_alias_value=
ac_cv_host=x86_64-apple-darwin15.6.0
ac_cv_target=x86_64-apple-darwin15.6.0

## ----------------- ##
## Output variables. ##
## ----------------- ##

ADD_INCLS=''
ADD_LIBS=''
CC=''
CFLAGS=''
CPP=''
CPPFLAGS=''
DEFS=''
ECHO_C='\c'
ECHO_N=''
ECHO_T=''
EGREP=''
EXEEXT=''
GREP=''
INSTALL_DATA=''
INSTALL_PROGRAM=''
INSTALL_SCRIPT=''
LDFLAGS=''
LIBOBJS=''
LIBRADCLOCK_LIBS=''
LIBS=''
LTLIBOBJS=''
OBJEXT=''
PACKAGE_BUGREPORT='julien@synclab.org'
PACKAGE_NAME='radclock'
PACKAGE_STRING='radclock v0.4.x-298-g2726181'
PACKAGE_TARNAME='radclock'
PACKAGE_URL='http://www.synclab.org/radclock/'
PACKAGE_VERSION='v0.4.x-298-g2726181'
PATH_SEPARATOR=':'
SHELL='/bin/sh'
ac_ct_CC=''
bindir='${exec_prefix}/bin'
build='x86_64-apple-darwin15.6.0'
build_alias=''
build_cpu='x86_64'
build_os='darwin15.6.0'
build_vendor='apple'
datadir='${datarootdir}'
datarootdir='${prefix}/share'
docdir='${datarootdir}/doc/${PACKAGE_TARNAME}'
dvidir='${docdir}'
exec_prefix='NONE'
host='x86_64-apple-darwin15.6.0'
host_alias=''
host_cpu='x86_64'
host_os='darwin15.6.0'
host_vendor='apple'
htmldir='${docdir}'
includedir='${prefix}/include'
infodir='${datarootdir}/info'
libdir='${exec_prefix}/lib'
libexecdir='${exec_prefix}/libexec'
localedir='${datarootdir}/locale'
localstatedir='${prefix}/var'
mandir='${datarootdir}/man'
oldincludedir='/usr/include'
pdfdir='${docdir}'
prefix='NONE'
program_transform_name='s,x,x,'
psdir='${docdir}'
sbindir='${exec_prefix}/sbin'
sharedstatedir='${prefix}/com'
sysconfdir='${prefix}/etc'
target='x86_64-apple-darwin15.6.0'
target_alias=''
target_cpu='x86_64'
target_os='darwin15.6.0'
target_vendor='apple'

## ----------- ##
## confdefs.h. ##
## ----------- ##

/* confdefs.h */
#define PACKAGE_NAME "radclock"
#define PACKAGE_TARNAME "radclock"
#define PACKAGE_VERSION "v0.4.x-298-g2726181"
#define PACKAGE_STRING "radclock v0.4.x-298-g2726181"
#define PACKAGE_BUGREPORT "julien@synclab.org"
#define PACKAGE_URL "http://www.synclab.org/radclock/"

configure: exit 258
